# JRE version: OpenJDK Runtime Environment (17.0.6) (build 17.0.6+0-b2043.56-10027231)
# Java VM: OpenJDK 64-Bit Server VM (17.0.6+0-b2043.56-10027231, mixed mode, tiered, compressed oops, compressed class ptrs, g1 gc, windows-amd64)
GC Precious Log:
 CPUs: 12 total, 12 available
 Memory: 6005M
 Large Page Support: Disabled
 NUMA Support: Disabled
 Compressed Oops: Enabled (32-bit)
 Heap Region Size: 1M
 Heap Min Capacity: 8M
 Heap Initial Capacity: 94M
 Heap Max Capacity: 2G
 Pre-touch: Disabled
 Parallel Workers: 10
 Concurrent Workers: 3
 Concurrent Refinement Workers: 10
 Periodic GC: Disabled
Heap:
 garbage-first heap   total 348160K, used 189602K [0x0000000080000000, 0x0000000100000000)
  region size 1024K, 2 young (2048K), 2 survivors (2048K)
 Metaspace       used 125492K, committed 126464K, reserved 1163264K
  class space    used 17077K, committed 17536K, reserved 1048576K
GC Heap History (20 events):
Event: 21.309 GC heap after
{Heap after GC invocations=50 (full 0):
 garbage-first heap   total 280576K, used 86302K [0x0000000080000000, 0x0000000100000000)
  region size 1024K, 5 young (5120K), 5 survivors (5120K)
 Metaspace       used 93816K, committed 94464K, reserved 1130496K
  class space    used 12833K, committed 13120K, reserved 1048576K
}
Event: 23.231 GC heap before
{Heap before GC invocations=50 (full 0):
 garbage-first heap   total 280576K, used 210206K [0x0000000080000000, 0x0000000100000000)
  region size 1024K, 126 young (129024K), 5 survivors (5120K)
 Metaspace       used 97641K, committed 98432K, reserved 1138688K
  class space    used 13339K, committed 13696K, reserved 1048576K
}
Event: 23.246 GC heap after
{Heap after GC invocations=51 (full 0):
 garbage-first heap   total 280576K, used 94294K [0x0000000080000000, 0x0000000100000000)
  region size 1024K, 13 young (13312K), 13 survivors (13312K)
 Metaspace       used 97641K, committed 98432K, reserved 1138688K
  class space    used 13339K, committed 13696K, reserved 1048576K
}
Event: 383.760 GC heap before
{Heap before GC invocations=51 (full 0):
 garbage-first heap   total 280576K, used 213078K [0x0000000080000000, 0x0000000100000000)
  region size 1024K, 130 young (133120K), 13 survivors (13312K)
 Metaspace       used 99690K, committed 100480K, reserved 1138688K
  class space    used 13528K, committed 13888K, reserved 1048576K
}
Event: 384.037 GC heap after
{Heap after GC invocations=52 (full 0):
 garbage-first heap   total 280576K, used 103554K [0x0000000080000000, 0x0000000100000000)
  region size 1024K, 17 young (17408K), 17 survivors (17408K)
 Metaspace       used 99690K, committed 100480K, reserved 1138688K
  class space    used 13528K, committed 13888K, reserved 1048576K
}
Event: 443.176 GC heap before
{Heap before GC invocations=52 (full 0):
 garbage-first heap   total 280576K, used 133250K [0x0000000080000000, 0x0000000100000000)
  region size 1024K, 40 young (40960K), 17 survivors (17408K)
 Metaspace       used 100056K, committed 100864K, reserved 1138688K
  class space    used 13584K, committed 13952K, reserved 1048576K
}
Event: 443.340 GC heap after
{Heap after GC invocations=53 (full 0):
 garbage-first heap   total 280576K, used 115235K [0x0000000080000000, 0x0000000100000000)
  region size 1024K, 5 young (5120K), 5 survivors (5120K)
 Metaspace       used 100056K, committed 100864K, reserved 1138688K
  class space    used 13584K, committed 13952K, reserved 1048576K
}
Event: 449.844 GC heap before
{Heap before GC invocations=54 (full 0):
 garbage-first heap   total 280576K, used 251427K [0x0000000080000000, 0x0000000100000000)
  region size 1024K, 115 young (117760K), 5 survivors (5120K)
 Metaspace       used 109751K, committed 110720K, reserved 1146880K
  class space    used 15336K, committed 15808K, reserved 1048576K
}
Event: 449.878 GC heap after
{Heap after GC invocations=55 (full 0):
 garbage-first heap   total 280576K, used 154105K [0x0000000080000000, 0x0000000100000000)
  region size 1024K, 15 young (15360K), 15 survivors (15360K)
 Metaspace       used 109751K, committed 110720K, reserved 1146880K
  class space    used 15336K, committed 15808K, reserved 1048576K
}
Event: 449.890 GC heap before
{Heap before GC invocations=55 (full 0):
 garbage-first heap   total 280576K, used 154105K [0x0000000080000000, 0x0000000100000000)
  region size 1024K, 16 young (16384K), 15 survivors (15360K)
 Metaspace       used 109772K, committed 110784K, reserved 1146880K
  class space    used 15337K, committed 15808K, reserved 1048576K
}
Event: 449.904 GC heap after
{Heap after GC invocations=56 (full 0):
 garbage-first heap   total 280576K, used 155268K [0x0000000080000000, 0x0000000100000000)
  region size 1024K, 2 young (2048K), 2 survivors (2048K)
 Metaspace       used 109772K, committed 110784K, reserved 1146880K
  class space    used 15337K, committed 15808K, reserved 1048576K
}
Event: 451.079 GC heap before
{Heap before GC invocations=56 (full 0):
 garbage-first heap   total 280576K, used 236164K [0x0000000080000000, 0x0000000100000000)
  region size 1024K, 75 young (76800K), 2 survivors (2048K)
 Metaspace       used 115529K, committed 116480K, reserved 1155072K
  class space    used 16056K, committed 16512K, reserved 1048576K
}
Event: 451.088 GC heap after
{Heap after GC invocations=57 (full 0):
 garbage-first heap   total 280576K, used 168649K [0x0000000080000000, 0x0000000100000000)
  region size 1024K, 10 young (10240K), 10 survivors (10240K)
 Metaspace       used 115529K, committed 116480K, reserved 1155072K
  class space    used 16056K, committed 16512K, reserved 1048576K
}
Event: 451.588 GC heap before
{Heap before GC invocations=57 (full 0):
 garbage-first heap   total 280576K, used 225993K [0x0000000080000000, 0x0000000100000000)
  region size 1024K, 66 young (67584K), 10 survivors (10240K)
 Metaspace       used 116764K, committed 117760K, reserved 1155072K
  class space    used 16214K, committed 16704K, reserved 1048576K
}
Event: 451.600 GC heap after
{Heap after GC invocations=58 (full 0):
 garbage-first heap   total 280576K, used 182467K [0x0000000080000000, 0x0000000100000000)
  region size 1024K, 9 young (9216K), 9 survivors (9216K)
 Metaspace       used 116764K, committed 117760K, reserved 1155072K
  class space    used 16214K, committed 16704K, reserved 1048576K
}
Event: 451.922 GC heap before
{Heap before GC invocations=58 (full 0):
 garbage-first heap   total 280576K, used 203971K [0x0000000080000000, 0x0000000100000000)
  region size 1024K, 31 young (31744K), 9 survivors (9216K)
 Metaspace       used 119818K, committed 120768K, reserved 1155072K
  class space    used 16557K, committed 17024K, reserved 1048576K
}
Event: 451.930 GC heap after
{Heap after GC invocations=59 (full 0):
 garbage-first heap   total 280576K, used 186436K [0x0000000080000000, 0x0000000100000000)
  region size 1024K, 3 young (3072K), 3 survivors (3072K)
 Metaspace       used 119818K, committed 120768K, reserved 1155072K
  class space    used 16557K, committed 17024K, reserved 1048576K
}
Event: 452.829 GC heap before
{Heap before GC invocations=60 (full 0):
 garbage-first heap   total 348160K, used 232516K [0x0000000080000000, 0x0000000100000000)
  region size 1024K, 45 young (46080K), 3 survivors (3072K)
 Metaspace       used 123700K, committed 124672K, reserved 1163264K
  class space    used 16934K, committed 17408K, reserved 1048576K
}
Event: 452.840 GC heap after
{Heap after GC invocations=61 (full 0):
 garbage-first heap   total 348160K, used 194322K [0x0000000080000000, 0x0000000100000000)
  region size 1024K, 6 young (6144K), 6 survivors (6144K)
 Metaspace       used 123700K, committed 124672K, reserved 1163264K
  class space    used 16934K, committed 17408K, reserved 1048576K
}
Event: 453.044 GC heap before
{Heap before GC invocations=61 (full 0):
 garbage-first heap   total 348160K, used 205586K [0x0000000080000000, 0x0000000100000000)
  region size 1024K, 17 young (17408K), 6 survivors (6144K)
 Metaspace       used 125492K, committed 126464K, reserved 1163264K
  class space    used 17077K, committed 17536K, reserved 1048576K
}

